2026-03-17 22:44:17,914 - __main__ - INFO - Starting experiment runner
2026-03-17 22:44:17,914 - __main__ - INFO - Initializing experiment with config: /app/workspace/autoresearcher/experiments/04-imagegen-nanobanana/config.json
2026-03-17 22:44:17,914 - __main__ - INFO - Configuration loaded successfully
2026-03-17 22:44:17,914 - __main__ - INFO - Experiment initialized: ID=04-imagegen-nanobanana, Cycles=2
2026-03-17 22:44:17,914 - __main__ - INFO - Starting experiment run: 04-imagegen-nanobanana
2026-03-17 22:44:17,915 - __main__ - INFO - Starting cycle 1/2
2026-03-17 22:44:17,915 - __main__ - INFO - Cycle 1 evaluation complete: aggregate_score=0.787
2026-03-17 22:44:17,915 - __main__ - INFO - Generated new prompt variant for next cycle
2026-03-17 22:44:17,915 - __main__ - INFO - Results saved successfully
2026-03-17 22:44:17,915 - __main__ - INFO - Cycle 1 completed successfully
2026-03-17 22:44:18,215 - __main__ - INFO - Starting cycle 2/2
2026-03-17 22:44:18,215 - __main__ - INFO - Cycle 2 evaluation complete: aggregate_score=0.868
2026-03-17 22:44:18,216 - __main__ - INFO - Results saved successfully
2026-03-17 22:44:18,216 - __main__ - INFO - Cycle 2 completed successfully
2026-03-17 22:44:18,216 - __main__ - INFO - Experiment completed in 0.3s
2026-03-17 22:44:18,216 - __main__ - INFO - Experiment 04-imagegen-nanobanana finished successfully
2026-03-17 23:20:19,029 - __main__ - INFO - Starting experiment runner
2026-03-17 23:20:19,029 - __main__ - INFO - Initializing experiment with config: /app/workspace/autoresearcher/experiments/04-imagegen-nanobanana/config.json
2026-03-17 23:20:19,029 - __main__ - INFO - Configuration loaded successfully
2026-03-17 23:20:19,029 - __main__ - INFO - Experiment initialized: ID=04-imagegen-nanobanana, Cycles=1
2026-03-17 23:20:19,029 - __main__ - INFO - Starting experiment run: 04-imagegen-nanobanana
2026-03-17 23:20:19,029 - __main__ - INFO - Starting cycle 1/1
2026-03-17 23:20:19,029 - __main__ - INFO - Cycle 1 evaluation complete: aggregate_score=0.787
2026-03-17 23:20:19,030 - __main__ - INFO - Results saved successfully
2026-03-17 23:20:19,030 - __main__ - INFO - Cycle 1 completed successfully
2026-03-17 23:20:19,030 - __main__ - INFO - Experiment completed in 0.0s
2026-03-17 23:20:19,030 - __main__ - INFO - Experiment 04-imagegen-nanobanana finished successfully
2026-03-17 23:20:32,949 - __main__ - INFO - Starting experiment runner
2026-03-17 23:20:32,949 - __main__ - INFO - Initializing experiment with config: /app/workspace/autoresearcher/experiments/04-imagegen-nanobanana/config.json
2026-03-17 23:20:32,949 - __main__ - INFO - Configuration loaded successfully
2026-03-17 23:20:32,949 - __main__ - INFO - Experiment initialized: ID=04-imagegen-nanobanana, Cycles=2
2026-03-17 23:20:32,950 - __main__ - INFO - Starting experiment run: 04-imagegen-nanobanana
2026-03-17 23:20:32,950 - __main__ - INFO - Starting cycle 1/2
2026-03-17 23:20:32,950 - __main__ - INFO - Cycle 1 evaluation complete: aggregate_score=0.787
2026-03-17 23:20:32,950 - __main__ - INFO - Generated new prompt variant for next cycle
2026-03-17 23:20:32,950 - __main__ - INFO - Results saved successfully
2026-03-17 23:20:32,950 - __main__ - INFO - Cycle 1 completed successfully
2026-03-17 23:20:33,250 - __main__ - INFO - Starting cycle 2/2
2026-03-17 23:20:33,251 - __main__ - INFO - Cycle 2 evaluation complete: aggregate_score=0.868
2026-03-17 23:20:33,251 - __main__ - INFO - Results saved successfully
2026-03-17 23:20:33,251 - __main__ - INFO - Cycle 2 completed successfully
2026-03-17 23:20:33,251 - __main__ - INFO - Experiment completed in 0.3s
2026-03-17 23:20:33,251 - __main__ - INFO - Experiment 04-imagegen-nanobanana finished successfully
